<?xml version="1.0" encoding="UTF-8"?>
<testng-results ignored="0" total="10" passed="10" failed="0" skipped="0">
  <reporter-output>
  </reporter-output>
  <suite started-at="2022-01-20T19:40:02 IST" name="Default suite" finished-at="2022-01-20T19:44:01 IST" duration-ms="238377">
    <groups>
      <group name="cucumber">
        <method signature="AbstractTestNGCucumberTests.runScenario(io.cucumber.testng.PickleWrapper, io.cucumber.testng.FeatureWrapper)[pri:0, instance:com.mindtree.runner.TestRunner@52102734]" name="runScenario" class="io.cucumber.testng.AbstractTestNGCucumberTests"/>
      </group> <!-- cucumber -->
    </groups>
    <test started-at="2022-01-20T19:40:02 IST" name="Default test" finished-at="2022-01-20T19:44:01 IST" duration-ms="238377">
      <class name="com.mindtree.runner.TestRunner">
        <test-method is-config="true" signature="setUpClass(org.testng.ITestContext)[pri:0, instance:com.mindtree.runner.TestRunner@52102734]" started-at="2022-01-20T19:40:02 IST" name="setUpClass" finished-at="2022-01-20T19:40:04 IST" duration-ms="1251" status="PASS">
          <params>
            <param index="0">
              <value>
                <![CDATA[org.testng.TestRunner@2eb1c615]]>
              </value>
            </param>
          </params>
          <reporter-output>
          </reporter-output>
        </test-method> <!-- setUpClass -->
        <test-method signature="runScenario(io.cucumber.testng.PickleWrapper, io.cucumber.testng.FeatureWrapper)[pri:0, instance:com.mindtree.runner.TestRunner@52102734]" started-at="2022-01-20T19:40:04 IST" name="runScenario" description="Runs Cucumber Scenarios" data-provider="scenarios" finished-at="2022-01-20T19:40:51 IST" duration-ms="47796" status="PASS">
          <params>
            <param index="0">
              <value>
                <![CDATA["Airport cab services"]]>
              </value>
            </param>
            <param index="1">
              <value>
                <![CDATA["Optional[Airport]"]]>
              </value>
            </param>
          </params>
          <reporter-output>
          </reporter-output>
        </test-method> <!-- runScenario -->
        <test-method signature="runScenario(io.cucumber.testng.PickleWrapper, io.cucumber.testng.FeatureWrapper)[pri:0, instance:com.mindtree.runner.TestRunner@52102734]" started-at="2022-01-20T19:40:51 IST" name="runScenario" description="Runs Cucumber Scenarios" data-provider="scenarios" finished-at="2022-01-20T19:41:33 IST" duration-ms="41171" status="PASS">
          <params>
            <param index="0">
              <value>
                <![CDATA["Airport cab services"]]>
              </value>
            </param>
            <param index="1">
              <value>
                <![CDATA["Optional[Airport]"]]>
              </value>
            </param>
          </params>
          <reporter-output>
          </reporter-output>
        </test-method> <!-- runScenario -->
        <test-method signature="runScenario(io.cucumber.testng.PickleWrapper, io.cucumber.testng.FeatureWrapper)[pri:0, instance:com.mindtree.runner.TestRunner@52102734]" started-at="2022-01-20T19:41:33 IST" name="runScenario" description="Runs Cucumber Scenarios" data-provider="scenarios" finished-at="2022-01-20T19:41:41 IST" duration-ms="7964" status="PASS">
          <params>
            <param index="0">
              <value>
                <![CDATA["Title of homepage validation"]]>
              </value>
            </param>
            <param index="1">
              <value>
                <![CDATA["Optional[Homepage]"]]>
              </value>
            </param>
          </params>
          <reporter-output>
          </reporter-output>
        </test-method> <!-- runScenario -->
        <test-method signature="runScenario(io.cucumber.testng.PickleWrapper, io.cucumber.testng.FeatureWrapper)[pri:0, instance:com.mindtree.runner.TestRunner@52102734]" started-at="2022-01-20T19:41:41 IST" name="runScenario" description="Runs Cucumber Scenarios" data-provider="scenarios" finished-at="2022-01-20T19:41:53 IST" duration-ms="11967" status="PASS">
          <params>
            <param index="0">
              <value>
                <![CDATA["CEO Validation"]]>
              </value>
            </param>
            <param index="1">
              <value>
                <![CDATA["Optional[Homepage]"]]>
              </value>
            </param>
          </params>
          <reporter-output>
          </reporter-output>
        </test-method> <!-- runScenario -->
        <test-method signature="runScenario(io.cucumber.testng.PickleWrapper, io.cucumber.testng.FeatureWrapper)[pri:0, instance:com.mindtree.runner.TestRunner@52102734]" started-at="2022-01-20T19:41:53 IST" name="runScenario" description="Runs Cucumber Scenarios" data-provider="scenarios" finished-at="2022-01-20T19:42:06 IST" duration-ms="13698" status="PASS">
          <params>
            <param index="0">
              <value>
                <![CDATA["ContactUs"]]>
              </value>
            </param>
            <param index="1">
              <value>
                <![CDATA["Optional[Homepage]"]]>
              </value>
            </param>
          </params>
          <reporter-output>
          </reporter-output>
        </test-method> <!-- runScenario -->
        <test-method signature="runScenario(io.cucumber.testng.PickleWrapper, io.cucumber.testng.FeatureWrapper)[pri:0, instance:com.mindtree.runner.TestRunner@52102734]" started-at="2022-01-20T19:42:06 IST" name="runScenario" description="Runs Cucumber Scenarios" data-provider="scenarios" finished-at="2022-01-20T19:42:32 IST" duration-ms="25477" status="PASS">
          <params>
            <param index="0">
              <value>
                <![CDATA["Local cab services"]]>
              </value>
            </param>
            <param index="1">
              <value>
                <![CDATA["Optional[Local path]"]]>
              </value>
            </param>
          </params>
          <reporter-output>
          </reporter-output>
        </test-method> <!-- runScenario -->
        <test-method signature="runScenario(io.cucumber.testng.PickleWrapper, io.cucumber.testng.FeatureWrapper)[pri:0, instance:com.mindtree.runner.TestRunner@52102734]" started-at="2022-01-20T19:42:32 IST" name="runScenario" description="Runs Cucumber Scenarios" data-provider="scenarios" finished-at="2022-01-20T19:42:57 IST" duration-ms="25321" status="PASS">
          <params>
            <param index="0">
              <value>
                <![CDATA["Validating Text is displayed after filling the fields"]]>
              </value>
            </param>
            <param index="1">
              <value>
                <![CDATA["Optional[Corporate car Rental under services]"]]>
              </value>
            </param>
          </params>
          <reporter-output>
          </reporter-output>
        </test-method> <!-- runScenario -->
        <test-method signature="runScenario(io.cucumber.testng.PickleWrapper, io.cucumber.testng.FeatureWrapper)[pri:0, instance:com.mindtree.runner.TestRunner@52102734]" started-at="2022-01-20T19:42:57 IST" name="runScenario" description="Runs Cucumber Scenarios" data-provider="scenarios" finished-at="2022-01-20T19:43:20 IST" duration-ms="23290" status="PASS">
          <params>
            <param index="0">
              <value>
                <![CDATA["Validating the North route"]]>
              </value>
            </param>
            <param index="1">
              <value>
                <![CDATA["Optional[One way cab]"]]>
              </value>
            </param>
          </params>
          <reporter-output>
          </reporter-output>
        </test-method> <!-- runScenario -->
        <test-method signature="runScenario(io.cucumber.testng.PickleWrapper, io.cucumber.testng.FeatureWrapper)[pri:0, instance:com.mindtree.runner.TestRunner@52102734]" started-at="2022-01-20T19:43:20 IST" name="runScenario" description="Runs Cucumber Scenarios" data-provider="scenarios" finished-at="2022-01-20T19:43:50 IST" duration-ms="29789" status="PASS">
          <params>
            <param index="0">
              <value>
                <![CDATA["Outstaion cab services"]]>
              </value>
            </param>
            <param index="1">
              <value>
                <![CDATA["Optional[Outsation path]"]]>
              </value>
            </param>
          </params>
          <reporter-output>
          </reporter-output>
        </test-method> <!-- runScenario -->
        <test-method signature="runScenario(io.cucumber.testng.PickleWrapper, io.cucumber.testng.FeatureWrapper)[pri:0, instance:com.mindtree.runner.TestRunner@52102734]" started-at="2022-01-20T19:43:50 IST" name="runScenario" description="Runs Cucumber Scenarios" data-provider="scenarios" finished-at="2022-01-20T19:44:01 IST" duration-ms="10440" status="PASS">
          <params>
            <param index="0">
              <value>
                <![CDATA["Checking Login"]]>
              </value>
            </param>
            <param index="1">
              <value>
                <![CDATA["Optional[Login Validation]"]]>
              </value>
            </param>
          </params>
          <reporter-output>
          </reporter-output>
        </test-method> <!-- runScenario -->
        <test-method is-config="true" signature="tearDownClass()[pri:0, instance:com.mindtree.runner.TestRunner@52102734]" started-at="2022-01-20T19:44:01 IST" name="tearDownClass" finished-at="2022-01-20T19:44:01 IST" duration-ms="139" status="PASS">
          <reporter-output>
          </reporter-output>
        </test-method> <!-- tearDownClass -->
      </class> <!-- com.mindtree.runner.TestRunner -->
    </test> <!-- Default test -->
  </suite> <!-- Default suite -->
</testng-results>
